\BOOKMARK [1][-]{section.1}{\376\377\232\330\116\055\127\372\170\100}{}% 1
\BOOKMARK [2][-]{subsection.1.1}{\376\377\150\071\137\017\147\011\164\006\123\026}{section.1}% 2
\BOOKMARK [2][-]{subsection.1.2}{\376\377\172\313\145\271\135\356\121\154\137\017}{section.1}% 3
\BOOKMARK [2][-]{subsection.1.3}{\376\377\126\340\137\017\122\006\211\343}{section.1}% 4
\BOOKMARK [2][-]{subsection.1.4}{\376\377\116\015\173\111\137\017}{section.1}% 5
\BOOKMARK [2][-]{subsection.1.5}{\376\377\133\371\145\160\121\375\145\160}{section.1}% 6
\BOOKMARK [2][-]{subsection.1.6}{\376\377\116\011\211\322\121\375\145\160}{section.1}% 7
\BOOKMARK [2][-]{subsection.1.7}{\376\377\142\306\137\000\122\006\137\017}{section.1}% 8
\BOOKMARK [1][-]{section.2}{\376\377\121\375\145\160}{}% 9
\BOOKMARK [2][-]{subsection.2.1}{\376\377\123\326\145\164\121\375\145\160}{section.2}% 10
\BOOKMARK [2][-]{subsection.2.2}{\376\377\122\006\153\265\121\375\145\160}{section.2}% 11
\BOOKMARK [2][-]{subsection.2.3}{\376\377\131\107\120\166\140\047}{section.2}% 12
\BOOKMARK [2][-]{subsection.2.4}{\376\377\123\125\214\003\140\047}{section.2}% 13
\BOOKMARK [2][-]{subsection.2.5}{\376\377\147\011\165\114\140\047}{section.2}% 14
\BOOKMARK [2][-]{subsection.2.6}{\376\377\124\150\147\037\140\047}{section.2}% 15
\BOOKMARK [1][-]{section.3}{\376\377\147\201\226\120}{}% 16
\BOOKMARK [2][-]{subsection.3.1}{\376\377\211\201\122\006\135\346\123\363\147\201\226\120\166\204\140\305\121\265}{section.3}% 17
\BOOKMARK [2][-]{subsection.3.2}{\376\377\147\201\226\120\166\204\126\333\122\031\217\320\173\227}{section.3}% 18
\BOOKMARK [2][-]{subsection.3.3}{\376\377\131\032\230\171\137\017\226\144\131\032\230\171\137\017\154\102\147\201\226\120}{section.3}% 19
\BOOKMARK [2][-]{subsection.3.4}{\376\377\131\015\124\010\121\375\145\160\154\102\147\201\226\120}{section.3}% 20
\BOOKMARK [2][-]{subsection.3.5}{\376\377\136\102\143\007\121\375\145\160\154\102\147\201\226\120}{section.3}% 21
\BOOKMARK [2][-]{subsection.3.6}{\376\377\131\071\220\074\121\306\122\031}{section.3}% 22
\BOOKMARK [2][-]{subsection.3.7}{\376\377\123\125\214\003\147\011\165\114\121\306\122\031}{section.3}% 23
\BOOKMARK [2][-]{subsection.3.8}{\376\377\221\315\211\201\147\201\226\120}{section.3}% 24
\BOOKMARK [1][-]{section.4}{\376\377\145\340\172\167\134\017}{}% 25
\BOOKMARK [2][-]{subsection.4.1}{\376\377\232\330\226\066\145\340\172\167\134\017}{section.4}% 26
\BOOKMARK [2][-]{subsection.4.2}{\376\377\173\111\116\367\145\340\172\167\134\017}{section.4}% 27
\BOOKMARK [1][-]{section.5}{\376\377\136\070\165\050\166\204\173\111\116\367}{}% 28
\BOOKMARK [1][-]{section.6}{\376\377\217\336\176\355}{}% 29
\BOOKMARK [2][-]{subsection.6.1}{\376\377\226\366\160\271\133\232\164\006}{section.6}% 30
\BOOKMARK [2][-]{subsection.6.2}{\376\377\225\364\145\255\160\271}{section.6}% 31
\BOOKMARK [1][-]{section.7}{\376\377\136\070\165\050\147\201\226\120}{}% 32
\BOOKMARK [1][-]{section.8}{\376\377\124\004\171\315\174\173\127\213\166\204\147\201\226\120}{}% 33
